<?xml version="1.0" encoding="UTF-8"?>
<!-- Generated by org.testng.reporters.JUnitReportReporter -->
<testsuite hostname="Magl" name="test_ant.sogou_index" tests="1" failures="0" timestamp="8 Jul 2017 11:17:00 GMT" time="11.872" errors="0">
  <testcase name="test_Sogou" time="11.872" classname="test_ant.sogou_index"/>
</testsuite> <!-- test_ant.sogou_index -->
