<?xml version="1.0" encoding="UTF-8"?>
<!-- Generated by org.testng.reporters.JUnitReportReporter -->
<testsuite hostname="Magl" name="test_ant.testNG" tests="1" failures="0" timestamp="8 Jul 2017 15:28:40 GMT" time="12.078" errors="0">
  <testcase name="test_Sogou" time="12.078" classname="test_ant.testNG"/>
</testsuite> <!-- test_ant.testNG -->
